This is pdfTeX, Version 3.141592653-2.6-1.40.23 (TeX Live 2022/dev) (preloaded format=pdflatex 2022.1.25)  6 DEC 2023 14:17
entering extended mode
 restricted \write18 enabled.
 %&-line parsing enabled.
**BB512.tex
(./BB512.tex
LaTeX2e <2021-11-15> patch level 1
L3 programming layer <2022-01-21> (/Users/jones/Library/TinyTeX/texmf-dist/tex/
latex/base/book.cls
Document Class: book 2021/10/04 v1.4n Standard LaTeX document class
(/Users/jones/Library/TinyTeX/texmf-dist/tex/latex/base/bk10.clo
File: bk10.clo 2021/10/04 v1.4n Standard LaTeX file (size option)
)
\c@part=\count185
\c@chapter=\count186
\c@section=\count187
\c@subsection=\count188
\c@subsubsection=\count189
\c@paragraph=\count190
\c@subparagraph=\count191
\c@figure=\count192
\c@table=\count193
\abovecaptionskip=\skip47
\belowcaptionskip=\skip48
\bibindent=\dimen138
) (/Users/jones/Library/TinyTeX/texmf-dist/tex/latex/amsmath/amsmath.sty
Package: amsmath 2021/10/15 v2.17l AMS math features
\@mathmargin=\skip49
For additional information on amsmath, use the `?' option.
(/Users/jones/Library/TinyTeX/texmf-dist/tex/latex/amsmath/amstext.sty
Package: amstext 2021/08/26 v2.01 AMS text
(/Users/jones/Library/TinyTeX/texmf-dist/tex/latex/amsmath/amsgen.sty
File: amsgen.sty 1999/11/30 v2.0 generic functions
\@emptytoks=\toks16
\ex@=\dimen139
)) (/Users/jones/Library/TinyTeX/texmf-dist/tex/latex/amsmath/amsbsy.sty
Package: amsbsy 1999/11/29 v1.2d Bold Symbols
\pmbraise@=\dimen140
) (/Users/jones/Library/TinyTeX/texmf-dist/tex/latex/amsmath/amsopn.sty
Package: amsopn 2021/08/26 v2.02 operator names
)
\inf@bad=\count194
LaTeX Info: Redefining \frac on input line 234.
\uproot@=\count195
\leftroot@=\count196
LaTeX Info: Redefining \overline on input line 399.
\classnum@=\count197
\DOTSCASE@=\count198
LaTeX Info: Redefining \ldots on input line 496.
LaTeX Info: Redefining \dots on input line 499.
LaTeX Info: Redefining \cdots on input line 620.
\Mathstrutbox@=\box50
\strutbox@=\box51
\big@size=\dimen141
LaTeX Font Info:    Redeclaring font encoding OML on input line 743.
LaTeX Font Info:    Redeclaring font encoding OMS on input line 744.
\macc@depth=\count199
\c@MaxMatrixCols=\count266
\dotsspace@=\muskip16
\c@parentequation=\count267
\dspbrk@lvl=\count268
\tag@help=\toks17
\row@=\count269
\column@=\count270
\maxfields@=\count271
\andhelp@=\toks18
\eqnshift@=\dimen142
\alignsep@=\dimen143
\tagshift@=\dimen144
\tagwidth@=\dimen145
\totwidth@=\dimen146
\lineht@=\dimen147
\@envbody=\toks19
\multlinegap=\skip50
\multlinetaggap=\skip51
\mathdisplay@stack=\toks20
LaTeX Info: Redefining \[ on input line 2938.
LaTeX Info: Redefining \] on input line 2939.
) (/Users/jones/Library/TinyTeX/texmf-dist/tex/latex/amsfonts/amssymb.sty
Package: amssymb 2013/01/14 v3.01 AMS font symbols
(/Users/jones/Library/TinyTeX/texmf-dist/tex/latex/amsfonts/amsfonts.sty
Package: amsfonts 2013/01/14 v3.01 Basic AMSFonts support
\symAMSa=\mathgroup4
\symAMSb=\mathgroup5
LaTeX Font Info:    Redeclaring math symbol \hbar on input line 98.
LaTeX Font Info:    Overwriting math alphabet `\mathfrak' in version `bold'
(Font)                  U/euf/m/n --> U/euf/b/n on input line 106.
)) (/Users/jones/Library/TinyTeX/texmf-dist/tex/generic/iftex/iftex.sty
Package: iftex 2020/03/06 v1.0d TeX engine tests
) (/Users/jones/Library/TinyTeX/texmf-dist/tex/latex/base/fontenc.sty
Package: fontenc 2021/04/29 v2.0v Standard LaTeX package
) (/Users/jones/Library/TinyTeX/texmf-dist/tex/latex/base/inputenc.sty
Package: inputenc 2021/02/14 v1.3d Input encoding file
\inpenc@prehook=\toks21
\inpenc@posthook=\toks22
) (/Users/jones/Library/TinyTeX/texmf-dist/tex/latex/base/textcomp.sty
Package: textcomp 2020/02/02 v2.0n Standard LaTeX package
) (/Users/jones/Library/TinyTeX/texmf-dist/tex/latex/lm/lmodern.sty
Package: lmodern 2015/05/01 v1.6.1 Latin Modern Fonts
LaTeX Font Info:    Overwriting symbol font `operators' in version `normal'
(Font)                  OT1/cmr/m/n --> OT1/lmr/m/n on input line 22.
LaTeX Font Info:    Overwriting symbol font `letters' in version `normal'
(Font)                  OML/cmm/m/it --> OML/lmm/m/it on input line 23.
LaTeX Font Info:    Overwriting symbol font `symbols' in version `normal'
(Font)                  OMS/cmsy/m/n --> OMS/lmsy/m/n on input line 24.
LaTeX Font Info:    Overwriting symbol font `largesymbols' in version `normal'
(Font)                  OMX/cmex/m/n --> OMX/lmex/m/n on input line 25.
LaTeX Font Info:    Overwriting symbol font `operators' in version `bold'
(Font)                  OT1/cmr/bx/n --> OT1/lmr/bx/n on input line 26.
LaTeX Font Info:    Overwriting symbol font `letters' in version `bold'
(Font)                  OML/cmm/b/it --> OML/lmm/b/it on input line 27.
LaTeX Font Info:    Overwriting symbol font `symbols' in version `bold'
(Font)                  OMS/cmsy/b/n --> OMS/lmsy/b/n on input line 28.
LaTeX Font Info:    Overwriting symbol font `largesymbols' in version `bold'
(Font)                  OMX/cmex/m/n --> OMX/lmex/m/n on input line 29.
LaTeX Font Info:    Overwriting math alphabet `\mathbf' in version `normal'
(Font)                  OT1/cmr/bx/n --> OT1/lmr/bx/n on input line 31.
LaTeX Font Info:    Overwriting math alphabet `\mathsf' in version `normal'
(Font)                  OT1/cmss/m/n --> OT1/lmss/m/n on input line 32.
LaTeX Font Info:    Overwriting math alphabet `\mathit' in version `normal'
(Font)                  OT1/cmr/m/it --> OT1/lmr/m/it on input line 33.
LaTeX Font Info:    Overwriting math alphabet `\mathtt' in version `normal'
(Font)                  OT1/cmtt/m/n --> OT1/lmtt/m/n on input line 34.
LaTeX Font Info:    Overwriting math alphabet `\mathbf' in version `bold'
(Font)                  OT1/cmr/bx/n --> OT1/lmr/bx/n on input line 35.
LaTeX Font Info:    Overwriting math alphabet `\mathsf' in version `bold'
(Font)                  OT1/cmss/bx/n --> OT1/lmss/bx/n on input line 36.
LaTeX Font Info:    Overwriting math alphabet `\mathit' in version `bold'
(Font)                  OT1/cmr/bx/it --> OT1/lmr/bx/it on input line 37.
LaTeX Font Info:    Overwriting math alphabet `\mathtt' in version `bold'
(Font)                  OT1/cmtt/m/n --> OT1/lmtt/m/n on input line 38.
) (/Users/jones/Library/TinyTeX/texmf-dist/tex/latex/xcolor/xcolor.sty
Package: xcolor 2021/10/31 v2.13 LaTeX color extensions (UK)
(/Users/jones/Library/TinyTeX/texmf-dist/tex/latex/graphics-cfg/color.cfg
File: color.cfg 2016/01/02 v1.6 sample color configuration
)
Package xcolor Info: Driver file: pdftex.def on input line 227.
(/Users/jones/Library/TinyTeX/texmf-dist/tex/latex/graphics-def/pdftex.def
File: pdftex.def 2020/10/05 v1.2a Graphics/color driver for pdftex
)
Package xcolor Info: Model `cmy' substituted by `cmy0' on input line 1352.
Package xcolor Info: Model `hsb' substituted by `rgb' on input line 1356.
Package xcolor Info: Model `RGB' extended on input line 1368.
Package xcolor Info: Model `HTML' substituted by `rgb' on input line 1370.
Package xcolor Info: Model `Hsb' substituted by `hsb' on input line 1371.
Package xcolor Info: Model `tHsb' substituted by `hsb' on input line 1372.
Package xcolor Info: Model `HSB' substituted by `hsb' on input line 1373.
Package xcolor Info: Model `Gray' substituted by `gray' on input line 1374.
Package xcolor Info: Model `wave' substituted by `hsb' on input line 1375.
) (/Users/jones/Library/TinyTeX/texmf-dist/tex/latex/fancyvrb/fancyvrb.sty
Package: fancyvrb 2021/12/21 4.1b verbatim text (tvz,hv)
(/Users/jones/Library/TinyTeX/texmf-dist/tex/latex/graphics/keyval.sty
Package: keyval 2014/10/28 v1.15 key=value parser (DPC)
\KV@toks@=\toks23
)
\FV@CodeLineNo=\count272
\FV@InFile=\read2
\FV@TabBox=\box52
\c@FancyVerbLine=\count273
\FV@StepNumber=\count274
\FV@OutFile=\write3
) (/Users/jones/Library/TinyTeX/texmf-dist/tex/latex/framed/framed.sty
Package: framed 2011/10/22 v 0.96: framed or shaded text with page breaks
\OuterFrameSep=\skip52
\fb@frw=\dimen148
\fb@frh=\dimen149
\FrameRule=\dimen150
\FrameSep=\dimen151
) (/Users/jones/Library/TinyTeX/texmf-dist/tex/latex/tools/longtable.sty
Package: longtable 2021-09-01 v4.17 Multi-page Table package (DPC)
\LTleft=\skip53
\LTright=\skip54
\LTpre=\skip55
\LTpost=\skip56
\LTchunksize=\count275
\LTcapwidth=\dimen152
\LT@head=\box53
\LT@firsthead=\box54
\LT@foot=\box55
\LT@lastfoot=\box56
\LT@gbox=\box57
\LT@cols=\count276
\LT@rows=\count277
\c@LT@tables=\count278
\c@LT@chunks=\count279
\LT@p@ftn=\toks24
) (/Users/jones/Library/TinyTeX/texmf-dist/tex/latex/booktabs/booktabs.sty
Package: booktabs 2020/01/12 v1.61803398 Publication quality tables
\heavyrulewidth=\dimen153
\lightrulewidth=\dimen154
\cmidrulewidth=\dimen155
\belowrulesep=\dimen156
\belowbottomsep=\dimen157
\aboverulesep=\dimen158
\abovetopsep=\dimen159
\cmidrulesep=\dimen160
\cmidrulekern=\dimen161
\defaultaddspace=\dimen162
\@cmidla=\count280
\@cmidlb=\count281
\@aboverulesep=\dimen163
\@belowrulesep=\dimen164
\@thisruleclass=\count282
\@lastruleclass=\count283
\@thisrulewidth=\dimen165
) (/Users/jones/Library/TinyTeX/texmf-dist/tex/latex/tools/array.sty
Package: array 2021/10/04 v2.5f Tabular extension package (FMi)
\col@sep=\dimen166
\ar@mcellbox=\box58
\extrarowheight=\dimen167
\NC@list=\toks25
\extratabsurround=\skip57
\backup@length=\skip58
\ar@cellbox=\box59
) (/Users/jones/Library/TinyTeX/texmf-dist/tex/latex/tools/calc.sty
Package: calc 2017/05/25 v4.3 Infix arithmetic (KKT,FJ)
\calc@Acount=\count284
\calc@Bcount=\count285
\calc@Adimen=\dimen168
\calc@Bdimen=\dimen169
\calc@Askip=\skip59
\calc@Bskip=\skip60
LaTeX Info: Redefining \setlength on input line 80.
LaTeX Info: Redefining \addtolength on input line 81.
\calc@Ccount=\count286
\calc@Cskip=\skip61
) (/Users/jones/Library/TinyTeX/texmf-dist/tex/latex/etoolbox/etoolbox.sty
Package: etoolbox 2020/10/05 v2.5k e-TeX tools for LaTeX (JAW)
\etb@tempcnta=\count287
) (/Users/jones/Library/TinyTeX/texmf-dist/tex/latex/mdwtools/footnote.sty
Package: footnote 1997/01/28 1.13 Save footnotes around boxes
\fn@notes=\box60
\fn@width=\dimen170
) (/Users/jones/Library/TinyTeX/texmf-dist/tex/latex/graphics/graphicx.sty
Package: graphicx 2021/09/16 v1.2d Enhanced LaTeX Graphics (DPC,SPQR)
(/Users/jones/Library/TinyTeX/texmf-dist/tex/latex/graphics/graphics.sty
Package: graphics 2021/03/04 v1.4d Standard LaTeX Graphics (DPC,SPQR)
(/Users/jones/Library/TinyTeX/texmf-dist/tex/latex/graphics/trig.sty
Package: trig 2021/08/11 v1.11 sin cos tan (DPC)
) (/Users/jones/Library/TinyTeX/texmf-dist/tex/latex/graphics-cfg/graphics.cfg
File: graphics.cfg 2016/06/04 v1.11 sample graphics configuration
)
Package graphics Info: Driver file: pdftex.def on input line 107.
)
\Gin@req@height=\dimen171
\Gin@req@width=\dimen172
) (/Users/jones/Library/TinyTeX/texmf-dist/tex/latex/tcolorbox/tcolorbox.sty
Package: tcolorbox 2022/01/07 version 5.0.2 text color boxes
(/Users/jones/Library/TinyTeX/texmf-dist/tex/latex/pgf/basiclayer/pgf.sty (/Use
rs/jones/Library/TinyTeX/texmf-dist/tex/latex/pgf/utilities/pgfrcs.sty
(/Users/jones/Library/TinyTeX/texmf-dist/tex/generic/pgf/utilities/pgfutil-comm
on.tex
\pgfutil@everybye=\toks26
\pgfutil@tempdima=\dimen173
\pgfutil@tempdimb=\dimen174

(/Users/jones/Library/TinyTeX/texmf-dist/tex/generic/pgf/utilities/pgfutil-comm
on-lists.tex))
(/Users/jones/Library/TinyTeX/texmf-dist/tex/generic/pgf/utilities/pgfutil-late
x.def
\pgfutil@abb=\box61
)
(/Users/jones/Library/TinyTeX/texmf-dist/tex/generic/pgf/utilities/pgfrcs.code.
tex (/Users/jones/Library/TinyTeX/texmf-dist/tex/generic/pgf/pgf.revision.tex)
Package: pgfrcs 2021/05/15 v3.1.9a (3.1.9a)
))
Package: pgf 2021/05/15 v3.1.9a (3.1.9a)
(/Users/jones/Library/TinyTeX/texmf-dist/tex/latex/pgf/basiclayer/pgfcore.sty (
/Users/jones/Library/TinyTeX/texmf-dist/tex/latex/pgf/systemlayer/pgfsys.sty
(/Users/jones/Library/TinyTeX/texmf-dist/tex/generic/pgf/systemlayer/pgfsys.cod
e.tex
Package: pgfsys 2021/05/15 v3.1.9a (3.1.9a)

(/Users/jones/Library/TinyTeX/texmf-dist/tex/generic/pgf/utilities/pgfkeys.code
.tex
\pgfkeys@pathtoks=\toks27
\pgfkeys@temptoks=\toks28

(/Users/jones/Library/TinyTeX/texmf-dist/tex/generic/pgf/utilities/pgfkeysfilte
red.code.tex
\pgfkeys@tmptoks=\toks29
))
\pgf@x=\dimen175
\pgf@y=\dimen176
\pgf@xa=\dimen177
\pgf@ya=\dimen178
\pgf@xb=\dimen179
\pgf@yb=\dimen180
\pgf@xc=\dimen181
\pgf@yc=\dimen182
\pgf@xd=\dimen183
\pgf@yd=\dimen184
\w@pgf@writea=\write4
\r@pgf@reada=\read3
\c@pgf@counta=\count288
\c@pgf@countb=\count289
\c@pgf@countc=\count290
\c@pgf@countd=\count291
\t@pgf@toka=\toks30
\t@pgf@tokb=\toks31
\t@pgf@tokc=\toks32
\pgf@sys@id@count=\count292
(/Users/jones/Library/TinyTeX/texmf-dist/tex/generic/pgf/systemlayer/pgf.cfg
File: pgf.cfg 2021/05/15 v3.1.9a (3.1.9a)
)
Driver file for pgf: pgfsys-pdftex.def

(/Users/jones/Library/TinyTeX/texmf-dist/tex/generic/pgf/systemlayer/pgfsys-pdf
tex.def
File: pgfsys-pdftex.def 2021/05/15 v3.1.9a (3.1.9a)

(/Users/jones/Library/TinyTeX/texmf-dist/tex/generic/pgf/systemlayer/pgfsys-com
mon-pdf.def
File: pgfsys-common-pdf.def 2021/05/15 v3.1.9a (3.1.9a)
)))
(/Users/jones/Library/TinyTeX/texmf-dist/tex/generic/pgf/systemlayer/pgfsyssoft
path.code.tex
File: pgfsyssoftpath.code.tex 2021/05/15 v3.1.9a (3.1.9a)
\pgfsyssoftpath@smallbuffer@items=\count293
\pgfsyssoftpath@bigbuffer@items=\count294
)
(/Users/jones/Library/TinyTeX/texmf-dist/tex/generic/pgf/systemlayer/pgfsysprot
ocol.code.tex
File: pgfsysprotocol.code.tex 2021/05/15 v3.1.9a (3.1.9a)
))
(/Users/jones/Library/TinyTeX/texmf-dist/tex/generic/pgf/basiclayer/pgfcore.cod
e.tex
Package: pgfcore 2021/05/15 v3.1.9a (3.1.9a)
(/Users/jones/Library/TinyTeX/texmf-dist/tex/generic/pgf/math/pgfmath.code.tex
(/Users/jones/Library/TinyTeX/texmf-dist/tex/generic/pgf/math/pgfmathcalc.code.
tex
(/Users/jones/Library/TinyTeX/texmf-dist/tex/generic/pgf/math/pgfmathutil.code.
tex)
(/Users/jones/Library/TinyTeX/texmf-dist/tex/generic/pgf/math/pgfmathparser.cod
e.tex
\pgfmath@dimen=\dimen185
\pgfmath@count=\count295
\pgfmath@box=\box62
\pgfmath@toks=\toks33
\pgfmath@stack@operand=\toks34
\pgfmath@stack@operation=\toks35
)
(/Users/jones/Library/TinyTeX/texmf-dist/tex/generic/pgf/math/pgfmathfunctions.
code.tex
(/Users/jones/Library/TinyTeX/texmf-dist/tex/generic/pgf/math/pgfmathfunctions.
basic.code.tex)
(/Users/jones/Library/TinyTeX/texmf-dist/tex/generic/pgf/math/pgfmathfunctions.
trigonometric.code.tex)
(/Users/jones/Library/TinyTeX/texmf-dist/tex/generic/pgf/math/pgfmathfunctions.
random.code.tex)
(/Users/jones/Library/TinyTeX/texmf-dist/tex/generic/pgf/math/pgfmathfunctions.
comparison.code.tex)
(/Users/jones/Library/TinyTeX/texmf-dist/tex/generic/pgf/math/pgfmathfunctions.
base.code.tex)
(/Users/jones/Library/TinyTeX/texmf-dist/tex/generic/pgf/math/pgfmathfunctions.
round.code.tex)
(/Users/jones/Library/TinyTeX/texmf-dist/tex/generic/pgf/math/pgfmathfunctions.
misc.code.tex)
(/Users/jones/Library/TinyTeX/texmf-dist/tex/generic/pgf/math/pgfmathfunctions.
integerarithmetics.code.tex)))
(/Users/jones/Library/TinyTeX/texmf-dist/tex/generic/pgf/math/pgfmathfloat.code
.tex
\c@pgfmathroundto@lastzeros=\count296
)) (/Users/jones/Library/TinyTeX/texmf-dist/tex/generic/pgf/math/pgfint.code.te
x)
(/Users/jones/Library/TinyTeX/texmf-dist/tex/generic/pgf/basiclayer/pgfcorepoin
ts.code.tex
File: pgfcorepoints.code.tex 2021/05/15 v3.1.9a (3.1.9a)
\pgf@picminx=\dimen186
\pgf@picmaxx=\dimen187
\pgf@picminy=\dimen188
\pgf@picmaxy=\dimen189
\pgf@pathminx=\dimen190
\pgf@pathmaxx=\dimen191
\pgf@pathminy=\dimen192
\pgf@pathmaxy=\dimen193
\pgf@xx=\dimen194
\pgf@xy=\dimen195
\pgf@yx=\dimen196
\pgf@yy=\dimen197
\pgf@zx=\dimen198
\pgf@zy=\dimen199
)
(/Users/jones/Library/TinyTeX/texmf-dist/tex/generic/pgf/basiclayer/pgfcorepath
construct.code.tex
File: pgfcorepathconstruct.code.tex 2021/05/15 v3.1.9a (3.1.9a)
\pgf@path@lastx=\dimen256
\pgf@path@lasty=\dimen257
)
(/Users/jones/Library/TinyTeX/texmf-dist/tex/generic/pgf/basiclayer/pgfcorepath
usage.code.tex
File: pgfcorepathusage.code.tex 2021/05/15 v3.1.9a (3.1.9a)
\pgf@shorten@end@additional=\dimen258
\pgf@shorten@start@additional=\dimen259
)
(/Users/jones/Library/TinyTeX/texmf-dist/tex/generic/pgf/basiclayer/pgfcorescop
es.code.tex
File: pgfcorescopes.code.tex 2021/05/15 v3.1.9a (3.1.9a)
\pgfpic=\box63
\pgf@hbox=\box64
\pgf@layerbox@main=\box65
\pgf@picture@serial@count=\count297
)
(/Users/jones/Library/TinyTeX/texmf-dist/tex/generic/pgf/basiclayer/pgfcoregrap
hicstate.code.tex
File: pgfcoregraphicstate.code.tex 2021/05/15 v3.1.9a (3.1.9a)
\pgflinewidth=\dimen260
)
(/Users/jones/Library/TinyTeX/texmf-dist/tex/generic/pgf/basiclayer/pgfcoretran
sformations.code.tex
File: pgfcoretransformations.code.tex 2021/05/15 v3.1.9a (3.1.9a)
\pgf@pt@x=\dimen261
\pgf@pt@y=\dimen262
\pgf@pt@temp=\dimen263
)
(/Users/jones/Library/TinyTeX/texmf-dist/tex/generic/pgf/basiclayer/pgfcorequic
k.code.tex
File: pgfcorequick.code.tex 2021/05/15 v3.1.9a (3.1.9a)
)
(/Users/jones/Library/TinyTeX/texmf-dist/tex/generic/pgf/basiclayer/pgfcoreobje
cts.code.tex
File: pgfcoreobjects.code.tex 2021/05/15 v3.1.9a (3.1.9a)
)
(/Users/jones/Library/TinyTeX/texmf-dist/tex/generic/pgf/basiclayer/pgfcorepath
processing.code.tex
File: pgfcorepathprocessing.code.tex 2021/05/15 v3.1.9a (3.1.9a)
)
(/Users/jones/Library/TinyTeX/texmf-dist/tex/generic/pgf/basiclayer/pgfcorearro
ws.code.tex
File: pgfcorearrows.code.tex 2021/05/15 v3.1.9a (3.1.9a)
\pgfarrowsep=\dimen264
)
(/Users/jones/Library/TinyTeX/texmf-dist/tex/generic/pgf/basiclayer/pgfcoreshad
e.code.tex
File: pgfcoreshade.code.tex 2021/05/15 v3.1.9a (3.1.9a)
\pgf@max=\dimen265
\pgf@sys@shading@range@num=\count298
\pgf@shadingcount=\count299
)
(/Users/jones/Library/TinyTeX/texmf-dist/tex/generic/pgf/basiclayer/pgfcoreimag
e.code.tex
File: pgfcoreimage.code.tex 2021/05/15 v3.1.9a (3.1.9a)

(/Users/jones/Library/TinyTeX/texmf-dist/tex/generic/pgf/basiclayer/pgfcoreexte
rnal.code.tex
File: pgfcoreexternal.code.tex 2021/05/15 v3.1.9a (3.1.9a)
\pgfexternal@startupbox=\box66
))
(/Users/jones/Library/TinyTeX/texmf-dist/tex/generic/pgf/basiclayer/pgfcorelaye
rs.code.tex
File: pgfcorelayers.code.tex 2021/05/15 v3.1.9a (3.1.9a)
)
(/Users/jones/Library/TinyTeX/texmf-dist/tex/generic/pgf/basiclayer/pgfcoretran
sparency.code.tex
File: pgfcoretransparency.code.tex 2021/05/15 v3.1.9a (3.1.9a)
)
(/Users/jones/Library/TinyTeX/texmf-dist/tex/generic/pgf/basiclayer/pgfcorepatt
erns.code.tex
File: pgfcorepatterns.code.tex 2021/05/15 v3.1.9a (3.1.9a)
)
(/Users/jones/Library/TinyTeX/texmf-dist/tex/generic/pgf/basiclayer/pgfcorerdf.
code.tex
File: pgfcorerdf.code.tex 2021/05/15 v3.1.9a (3.1.9a)
)))
(/Users/jones/Library/TinyTeX/texmf-dist/tex/generic/pgf/modules/pgfmoduleshape
s.code.tex
File: pgfmoduleshapes.code.tex 2021/05/15 v3.1.9a (3.1.9a)
\pgfnodeparttextbox=\box67
)
(/Users/jones/Library/TinyTeX/texmf-dist/tex/generic/pgf/modules/pgfmoduleplot.
code.tex
File: pgfmoduleplot.code.tex 2021/05/15 v3.1.9a (3.1.9a)
)
(/Users/jones/Library/TinyTeX/texmf-dist/tex/latex/pgf/compatibility/pgfcomp-ve
rsion-0-65.sty
Package: pgfcomp-version-0-65 2021/05/15 v3.1.9a (3.1.9a)
\pgf@nodesepstart=\dimen266
\pgf@nodesepend=\dimen267
)
(/Users/jones/Library/TinyTeX/texmf-dist/tex/latex/pgf/compatibility/pgfcomp-ve
rsion-1-18.sty
Package: pgfcomp-version-1-18 2021/05/15 v3.1.9a (3.1.9a)
)) (/Users/jones/Library/TinyTeX/texmf-dist/tex/latex/tools/verbatim.sty
Package: verbatim 2020-07-07 v1.5u LaTeX2e package for verbatim enhancements
\every@verbatim=\toks36
\verbatim@line=\toks37
\verbatim@in@stream=\read4
) (/Users/jones/Library/TinyTeX/texmf-dist/tex/latex/environ/environ.sty
Package: environ 2014/05/04 v0.3 A new way to define environments
(/Users/jones/Library/TinyTeX/texmf-dist/tex/latex/trimspaces/trimspaces.sty
Package: trimspaces 2009/09/17 v1.1 Trim spaces around a token list
))
\tcb@titlebox=\box68
\tcb@upperbox=\box69
\tcb@lowerbox=\box70
\tcb@phantombox=\box71
\c@tcbbreakpart=\count300
\c@tcblayer=\count301
\c@tcolorbox@number=\count302
\tcb@temp=\box72
\tcb@temp=\box73
\tcb@temp=\box74
\tcb@temp=\box75
) (/Users/jones/Library/TinyTeX/texmf-dist/tex/latex/hyperref/hyperref.sty
Package: hyperref 2021-06-07 v7.00m Hypertext links for LaTeX
(/Users/jones/Library/TinyTeX/texmf-dist/tex/generic/ltxcmds/ltxcmds.sty
Package: ltxcmds 2020-05-10 v1.25 LaTeX kernel commands for general use (HO)
) (/Users/jones/Library/TinyTeX/texmf-dist/tex/generic/pdftexcmds/pdftexcmds.st
y
Package: pdftexcmds 2020-06-27 v0.33 Utility functions of pdfTeX for LuaTeX (HO
)
(/Users/jones/Library/TinyTeX/texmf-dist/tex/generic/infwarerr/infwarerr.sty
Package: infwarerr 2019/12/03 v1.5 Providing info/warning/error messages (HO)
)
Package pdftexcmds Info: \pdf@primitive is available.
Package pdftexcmds Info: \pdf@ifprimitive is available.
Package pdftexcmds Info: \pdfdraftmode found.
) (/Users/jones/Library/TinyTeX/texmf-dist/tex/generic/kvsetkeys/kvsetkeys.sty
Package: kvsetkeys 2019/12/15 v1.18 Key value parser (HO)
)
(/Users/jones/Library/TinyTeX/texmf-dist/tex/generic/kvdefinekeys/kvdefinekeys.
sty
Package: kvdefinekeys 2019-12-19 v1.6 Define keys (HO)
) (/Users/jones/Library/TinyTeX/texmf-dist/tex/generic/pdfescape/pdfescape.sty
Package: pdfescape 2019/12/09 v1.15 Implements pdfTeX's escape features (HO)
) (/Users/jones/Library/TinyTeX/texmf-dist/tex/latex/hycolor/hycolor.sty
Package: hycolor 2020-01-27 v1.10 Color options for hyperref/bookmark (HO)
) (/Users/jones/Library/TinyTeX/texmf-dist/tex/latex/letltxmacro/letltxmacro.st
y
Package: letltxmacro 2019/12/03 v1.6 Let assignment for LaTeX macros (HO)
) (/Users/jones/Library/TinyTeX/texmf-dist/tex/latex/auxhook/auxhook.sty
Package: auxhook 2019-12-17 v1.6 Hooks for auxiliary files (HO)
) (/Users/jones/Library/TinyTeX/texmf-dist/tex/latex/kvoptions/kvoptions.sty
Package: kvoptions 2020-10-07 v3.14 Key value format for package options (HO)
)
\@linkdim=\dimen268
\Hy@linkcounter=\count303
\Hy@pagecounter=\count304
(/Users/jones/Library/TinyTeX/texmf-dist/tex/latex/hyperref/pd1enc.def
File: pd1enc.def 2021-06-07 v7.00m Hyperref: PDFDocEncoding definition (HO)
Now handling font encoding PD1 ...
... no UTF-8 mapping file for font encoding PD1
)
(/Users/jones/Library/TinyTeX/texmf-dist/tex/latex/hyperref/hyperref-langpatche
s.def
File: hyperref-langpatches.def 2021-06-07 v7.00m Hyperref: patches for babel la
nguages
) (/Users/jones/Library/TinyTeX/texmf-dist/tex/generic/intcalc/intcalc.sty
Package: intcalc 2019/12/15 v1.3 Expandable calculations with integers (HO)
) (/Users/jones/Library/TinyTeX/texmf-dist/tex/generic/etexcmds/etexcmds.sty
Package: etexcmds 2019/12/15 v1.7 Avoid name clashes with e-TeX commands (HO)
)
\Hy@SavedSpaceFactor=\count305
(/Users/jones/Library/TinyTeX/texmf-dist/tex/latex/hyperref/puenc.def
File: puenc.def 2021-06-07 v7.00m Hyperref: PDF Unicode definition (HO)
Now handling font encoding PU ...
... no UTF-8 mapping file for font encoding PU
)
Package hyperref Info: Option `unicode' set `true' on input line 4073.
Package hyperref Info: Hyper figures OFF on input line 4192.
Package hyperref Info: Link nesting OFF on input line 4197.
Package hyperref Info: Hyper index ON on input line 4200.
Package hyperref Info: Plain pages OFF on input line 4207.
Package hyperref Info: Backreferencing OFF on input line 4212.
Package hyperref Info: Implicit mode ON; LaTeX internals redefined.
Package hyperref Info: Bookmarks ON on input line 4445.
\c@Hy@tempcnt=\count306
(/Users/jones/Library/TinyTeX/texmf-dist/tex/latex/url/url.sty
\Urlmuskip=\muskip17
Package: url 2013/09/16  ver 3.4  Verb mode for urls, etc.
)
LaTeX Info: Redefining \url on input line 4804.
\XeTeXLinkMargin=\dimen269
(/Users/jones/Library/TinyTeX/texmf-dist/tex/generic/bitset/bitset.sty
Package: bitset 2019/12/09 v1.3 Handle bit-vector datatype (HO)
(/Users/jones/Library/TinyTeX/texmf-dist/tex/generic/bigintcalc/bigintcalc.sty
Package: bigintcalc 2019/12/15 v1.5 Expandable calculations on big integers (HO
)
))
\Fld@menulength=\count307
\Field@Width=\dimen270
\Fld@charsize=\dimen271
Package hyperref Info: Hyper figures OFF on input line 6076.
Package hyperref Info: Link nesting OFF on input line 6081.
Package hyperref Info: Hyper index ON on input line 6084.
Package hyperref Info: backreferencing OFF on input line 6091.
Package hyperref Info: Link coloring OFF on input line 6096.
Package hyperref Info: Link coloring with OCG OFF on input line 6101.
Package hyperref Info: PDF/A mode OFF on input line 6106.
LaTeX Info: Redefining \ref on input line 6146.
LaTeX Info: Redefining \pageref on input line 6150.
(/Users/jones/Library/TinyTeX/texmf-dist/tex/latex/base/atbegshi-ltx.sty
Package: atbegshi-ltx 2021/01/10 v1.0c Emulation of the original atbegshi
package with kernel methods
)
\Hy@abspage=\count308
\c@Item=\count309
\c@Hfootnote=\count310
)
Package hyperref Info: Driver (autodetected): hpdftex.
(/Users/jones/Library/TinyTeX/texmf-dist/tex/latex/hyperref/hpdftex.def
File: hpdftex.def 2021-06-07 v7.00m Hyperref driver for pdfTeX
(/Users/jones/Library/TinyTeX/texmf-dist/tex/latex/base/atveryend-ltx.sty
Package: atveryend-ltx 2020/08/19 v1.0a Emulation of the original atveryend pac
kage
with kernel methods
)
\Fld@listcount=\count311
\c@bookmark@seq@number=\count312

(/Users/jones/Library/TinyTeX/texmf-dist/tex/latex/rerunfilecheck/rerunfilechec
k.sty
Package: rerunfilecheck 2019/12/05 v1.9 Rerun checks for auxiliary files (HO)

(/Users/jones/Library/TinyTeX/texmf-dist/tex/generic/uniquecounter/uniquecounte
r.sty
Package: uniquecounter 2019/12/15 v1.4 Provide unlimited unique counter (HO)
)
Package uniquecounter Info: New unique counter `rerunfilecheck' on input line 2
86.
)
\Hy@SectionHShift=\skip62
)
LaTeX Font Info:    Trying to load font information for T1+lmr on input line 13
8.
(/Users/jones/Library/TinyTeX/texmf-dist/tex/latex/lm/t1lmr.fd
File: t1lmr.fd 2015/05/01 v1.6.1 Font defs for Latin Modern
)
(/Users/jones/Library/TinyTeX/texmf-dist/tex/latex/l3backend/l3backend-pdftex.d
ef
File: l3backend-pdftex.def 2022-01-12 L3 backend support: PDF output (pdfTeX)
\l__color_backend_stack_int=\count313
\l__pdf_internal_box=\box76
)
No file BB512.aux.
\openout1 = `BB512.aux'.

LaTeX Font Info:    Checking defaults for OML/cmm/m/it on input line 138.
LaTeX Font Info:    ... okay on input line 138.
LaTeX Font Info:    Checking defaults for OMS/cmsy/m/n on input line 138.
LaTeX Font Info:    ... okay on input line 138.
LaTeX Font Info:    Checking defaults for OT1/cmr/m/n on input line 138.
LaTeX Font Info:    ... okay on input line 138.
LaTeX Font Info:    Checking defaults for T1/cmr/m/n on input line 138.
LaTeX Font Info:    ... okay on input line 138.
LaTeX Font Info:    Checking defaults for TS1/cmr/m/n on input line 138.
LaTeX Font Info:    ... okay on input line 138.
LaTeX Font Info:    Checking defaults for OMX/cmex/m/n on input line 138.
LaTeX Font Info:    ... okay on input line 138.
LaTeX Font Info:    Checking defaults for U/cmr/m/n on input line 138.
LaTeX Font Info:    ... okay on input line 138.
LaTeX Font Info:    Checking defaults for PD1/pdf/m/n on input line 138.
LaTeX Font Info:    ... okay on input line 138.
LaTeX Font Info:    Checking defaults for PU/pdf/m/n on input line 138.
LaTeX Font Info:    ... okay on input line 138.

(/Users/jones/Library/TinyTeX/texmf-dist/tex/latex/epstopdf-pkg/epstopdf-base.s
ty
Package: epstopdf-base 2020-01-24 v2.11 Base part for package epstopdf
Package epstopdf-base Info: Redefining graphics rule for `.eps' on input line 4
85.

(/Users/jones/Library/TinyTeX/texmf-dist/tex/latex/latexconfig/epstopdf-sys.cfg
File: epstopdf-sys.cfg 2010/07/13 v1.3 Configuration of (r)epstopdf for TeX Liv
e
))
Package hyperref Info: Link coloring OFF on input line 138.
(/Users/jones/Library/TinyTeX/texmf-dist/tex/latex/hyperref/nameref.sty
Package: nameref 2021-04-02 v2.47 Cross-referencing by name of section
(/Users/jones/Library/TinyTeX/texmf-dist/tex/latex/refcount/refcount.sty
Package: refcount 2019/12/15 v3.6 Data extraction from label references (HO)
)
(/Users/jones/Library/TinyTeX/texmf-dist/tex/generic/gettitlestring/gettitlestr
ing.sty
Package: gettitlestring 2019/12/15 v1.6 Cleanup title references (HO)
)
\c@section@level=\count314
)
LaTeX Info: Redefining \ref on input line 138.
LaTeX Info: Redefining \pageref on input line 138.
LaTeX Info: Redefining \nameref on input line 138.
\@outlinefile=\write5
\openout5 = `BB512.out'.

LaTeX Font Info:    Trying to load font information for OT1+lmr on input line 1
40.
(/Users/jones/Library/TinyTeX/texmf-dist/tex/latex/lm/ot1lmr.fd
File: ot1lmr.fd 2015/05/01 v1.6.1 Font defs for Latin Modern
)
LaTeX Font Info:    Trying to load font information for OML+lmm on input line 1
40.
(/Users/jones/Library/TinyTeX/texmf-dist/tex/latex/lm/omllmm.fd
File: omllmm.fd 2015/05/01 v1.6.1 Font defs for Latin Modern
)
LaTeX Font Info:    Trying to load font information for OMS+lmsy on input line 
140.
(/Users/jones/Library/TinyTeX/texmf-dist/tex/latex/lm/omslmsy.fd
File: omslmsy.fd 2015/05/01 v1.6.1 Font defs for Latin Modern
)
LaTeX Font Info:    Trying to load font information for OMX+lmex on input line 
140.
(/Users/jones/Library/TinyTeX/texmf-dist/tex/latex/lm/omxlmex.fd
File: omxlmex.fd 2015/05/01 v1.6.1 Font defs for Latin Modern
)
LaTeX Font Info:    External font `lmex10' loaded for size
(Font)              <12> on input line 140.
LaTeX Font Info:    External font `lmex10' loaded for size
(Font)              <8> on input line 140.
LaTeX Font Info:    External font `lmex10' loaded for size
(Font)              <6> on input line 140.
LaTeX Font Info:    Trying to load font information for U+msa on input line 140
.
(/Users/jones/Library/TinyTeX/texmf-dist/tex/latex/amsfonts/umsa.fd
File: umsa.fd 2013/01/14 v3.01 AMS symbols A
)
LaTeX Font Info:    Trying to load font information for U+msb on input line 140
.
(/Users/jones/Library/TinyTeX/texmf-dist/tex/latex/amsfonts/umsb.fd
File: umsb.fd 2013/01/14 v3.01 AMS symbols B
) [1


{/Users/jones/Library/TinyTeX/texmf-var/fonts/map/pdftex/updmap/pdftex.map}] [2

]
\tf@toc=\write6
\openout6 = `BB512.toc'.

[3] [4

]
Chapter 1.
LaTeX Font Info:    Trying to load font information for TS1+lmr on input line 1
71.
(/Users/jones/Library/TinyTeX/texmf-dist/tex/latex/lm/ts1lmr.fd
File: ts1lmr.fd 2015/05/01 v1.6.1 Font defs for Latin Modern
)
LaTeX Font Info:    External font `lmex10' loaded for size
(Font)              <10> on input line 171.
LaTeX Font Info:    External font `lmex10' loaded for size
(Font)              <7> on input line 171.
LaTeX Font Info:    External font `lmex10' loaded for size
(Font)              <5> on input line 171.
[5] [6]
LaTeX Font Info:    Trying to load font information for T1+lmtt on input line 2
44.
(/Users/jones/Library/TinyTeX/texmf-dist/tex/latex/lm/t1lmtt.fd
File: t1lmtt.fd 2015/05/01 v1.6.1 Font defs for Latin Modern
)
<testEquation.png, id=70, 312.16624pt x 65.24374pt>
File: testEquation.png Graphic file (type png)
<use testEquation.png>
Package pdftex.def Info: testEquation.png  used on input line 268.
(pdftex.def)             Requested size: 309.39801pt x 64.66516pt.
[7 <./testEquation.png>] [8

]
Chapter 2.
[9] [10

] [11] [12]
Chapter 3.
[13

]
Overfull \hbox (164.24852pt too wide) in paragraph at lines 356--356
[]  \T1/lmtt/m/n/10 randomPhrase <- sample(c(LETTERS," ","'","Å","Æ","Ø","!"), 
length(phraseSplit), replace = TRUE)[] 
 []

[14] [15] [16

]
Chapter 4.
[17] [18] [19]

LaTeX Warning: Reference `fig:colours' on page 20 undefined on input line 522.

<images/colours.png, id=177, 416.55624pt x 198.7425pt>
File: images/colours.png Graphic file (type png)
<use images/colours.png>
Package pdftex.def Info: images/colours.png  used on input line 530.
(pdftex.def)             Requested size: 172.49896pt x 82.3007pt.
[20] [21 <./images/colours.png>] [22

] [23] [24]
Chapter 5.

Underfull \hbox (badness 1755) in paragraph at lines 584--586
[]\T1/lmr/m/n/10 Understanding the the pa-ram-e-ters of ex-po-nen-tial/geometri
c
 []

[25

] [26] [27] [28

]
Chapter 6.

LaTeX Warning: Reference `fig:stochGrowthRate' on page 29 undefined on input li
ne 667.

[29]
<BB512_files/figure-latex/stochGrowthRate-1.pdf, id=250, 433.62pt x 289.08pt>
File: BB512_files/figure-latex/stochGrowthRate-1.pdf Graphic file (type pdf)
<use BB512_files/figure-latex/stochGrowthRate-1.pdf>
Package pdftex.def Info: BB512_files/figure-latex/stochGrowthRate-1.pdf  used o
n input line 675.
(pdftex.def)             Requested size: 345.01738pt x 230.01158pt.

Overfull \hbox (395.4674pt too wide) in paragraph at lines 709--712
[]\T1/lmr/m/n/10 Use the Ex-cel work-sheet, \T1/lmtt/m/n/10 [StochasticPopulati
onGrowth.xslx](https://www.dropbox.com/s/1wpixbpgwlh54f0/StochasticPopulationGr
owth.xlsx?dl=1)\T1/lmr/m/n/10 ,
 []


Underfull \vbox (badness 4242) has occurred while \output is active []

[30 <./BB512_files/figure-latex/stochGrowthRate-1.pdf>]
Overfull \hbox (42.96237pt too wide) in paragraph at lines 722--724
\T1/lmr/m/n/10 ticlar mean and vari-ance. [En-glish Ex-cel: \T1/lmtt/m/n/10 =NO
RMINV(RAND(),$F$10,SQRT($F$11))\T1/lmr/m/n/10 /
 []


LaTeX Warning: Reference `fig:stochProjection' on page 31 undefined on input li
ne 748.

[31]
LaTeX Font Info:    Font shape `T1/lmtt/bx/n' in size <10> not available
(Font)              Font shape `T1/lmtt/b/n' tried instead on input line 776.

LaTeX Font Warning: Font shape `T1/lmtt/bx/it' in size <10> not available
(Font)              Font shape `T1/lmtt/b/sl' tried instead on input line 776.

[32]
<BB512_files/figure-latex/stochProjection-1.pdf, id=285, 433.62pt x 289.08pt>
File: BB512_files/figure-latex/stochProjection-1.pdf Graphic file (type pdf)
<use BB512_files/figure-latex/stochProjection-1.pdf>
Package pdftex.def Info: BB512_files/figure-latex/stochProjection-1.pdf  used o
n input line 826.
(pdftex.def)             Requested size: 345.01738pt x 230.01158pt.
[33 <./BB512_files/figure-latex/stochProjection-1.pdf>] [34

]
Chapter 7.
[35] [36] [37] [38]
Chapter 8.
[39

] [40] [41] [42

]
Chapter 9.
[43] [44] [45] [46]
Chapter 10.

Underfull \vbox (badness 10000) has occurred while \output is active []

[47

]
<tempLifeCycleDiagram.png, id=408, 342.27875pt x 140.525pt>
File: tempLifeCycleDiagram.png Graphic file (type png)
<use tempLifeCycleDiagram.png>
Package pdftex.def Info: tempLifeCycleDiagram.png  used on input line 1319.
(pdftex.def)             Requested size: 342.29878pt x 140.53322pt.

Underfull \vbox (badness 3029) has occurred while \output is active []

[48] [49 <./tempLifeCycleDiagram.png>]
Overfull \hbox (69.7488pt too wide) in paragraph at lines 1393--1393
[]\T1/lmtt/m/n/10 ##  [1]  18.0000  55.7000  58.4300  85.2570 111.5643 151.4946
 203.2634 273.8278[] 
 []

[50]
<BB512_files/figure-latex/unnamed-chunk-42-1.pdf, id=433, 469.755pt x 325.215pt
>
File: BB512_files/figure-latex/unnamed-chunk-42-1.pdf Graphic file (type pdf)
<use BB512_files/figure-latex/unnamed-chunk-42-1.pdf>
Package pdftex.def Info: BB512_files/figure-latex/unnamed-chunk-42-1.pdf  used 
on input line 1430.
(pdftex.def)             Requested size: 344.997pt x 238.84406pt.
[51 <./BB512_files/figure-latex/unnamed-chunk-42-1.pdf>] [52] [53] [54

]
Chapter 11.

LaTeX Warning: Reference `fig:bigbird' on page 55 undefined on input line 1560.


<images/bigbird.jpg, id=467, 923.45pt x 615.29875pt>
File: images/bigbird.jpg Graphic file (type jpg)
<use images/bigbird.jpg>
Package pdftex.def Info: images/bigbird.jpg  used on input line 1564.
(pdftex.def)             Requested size: 172.49828pt x 114.93634pt.
[55] [56 <./images/bigbird.jpg>]
Chapter 12.

Underfull \vbox (badness 2512) has occurred while \output is active []

[57

]
Overfull \hbox (26.63553pt too wide) has occurred while \output is active
\T1/lmr/m/n/10 58 \T1/lmr/m/sl/10 CHAPTER 12.  TRADE-OFFS AND THE DECLINING FOR
CE OF SELECTION
 []

[58] [59]
Overfull \hbox (26.63553pt too wide) has occurred while \output is active
\T1/lmr/m/n/10 60 \T1/lmr/m/sl/10 CHAPTER 12.  TRADE-OFFS AND THE DECLINING FOR
CE OF SELECTION
 []

[60

] [61] [62]
Chapter 13.
[63

]
<BB512_files/figure-latex/unnamed-chunk-53-1.pdf, id=537, 469.755pt x 325.215pt
>
File: BB512_files/figure-latex/unnamed-chunk-53-1.pdf Graphic file (type pdf)
<use BB512_files/figure-latex/unnamed-chunk-53-1.pdf>
Package pdftex.def Info: BB512_files/figure-latex/unnamed-chunk-53-1.pdf  used 
on input line 1729.
(pdftex.def)             Requested size: 344.997pt x 238.84406pt.
[64] [65 <./BB512_files/figure-latex/unnamed-chunk-53-1.pdf>] [66] [67] [68

]
Chapter 14.

Underfull \vbox (badness 10000) has occurred while \output is active []

[69] [70] [71] [72]

LaTeX Warning: Reference `fig:simulation1' on page 73 undefined on input line 2
037.

<BB512_files/figure-latex/simulation1-1.pdf, id=610, 469.755pt x 325.215pt>
File: BB512_files/figure-latex/simulation1-1.pdf Graphic file (type pdf)
<use BB512_files/figure-latex/simulation1-1.pdf>
Package pdftex.def Info: BB512_files/figure-latex/simulation1-1.pdf  used on in
put line 2047.
(pdftex.def)             Requested size: 344.997pt x 238.84406pt.
[73]

LaTeX Warning: Reference `fig:bottleneck' on page 74 undefined on input line 20
89.

<BB512_files/figure-latex/bottleneck-1.pdf, id=618, 469.755pt x 325.215pt>
File: BB512_files/figure-latex/bottleneck-1.pdf Graphic file (type pdf)
<use BB512_files/figure-latex/bottleneck-1.pdf>
Package pdftex.def Info: BB512_files/figure-latex/bottleneck-1.pdf  used on inp
ut line 2093.
(pdftex.def)             Requested size: 344.997pt x 238.84406pt.
[74 <./BB512_files/figure-latex/simulation1-1.pdf>] [75 <./BB512_files/figure-l
atex/bottleneck-1.pdf>] [76

]
Chapter 15.
[77]
<images/huntergathererDK.png, id=654, 983.675pt x 339.2675pt>
File: images/huntergathererDK.png Graphic file (type png)
<use images/huntergathererDK.png>
Package pdftex.def Info: images/huntergathererDK.png  used on input line 2161.
(pdftex.def)             Requested size: 172.49092pt x 59.49176pt.

Overfull \hbox (212.94992pt too wide) has occurred while \output is active
\T1/lmr/m/n/10 78 \T1/lmr/m/sl/10 CHAPTER 15.  NEUTRAL OR ADAPTIVE EVOLUTION IN
 HUMANS: WHAT DRIVES EVOLUTION OF OUR TRAITS?
 []

[78 <./images/huntergathererDK.png>] [79]
Overfull \hbox (212.94992pt too wide) has occurred while \output is active
\T1/lmr/m/n/10 80 \T1/lmr/m/sl/10 CHAPTER 15.  NEUTRAL OR ADAPTIVE EVOLUTION IN
 HUMANS: WHAT DRIVES EVOLUTION OF OUR TRAITS?
 []

[80

]
Chapter 16.
[81] [82] [83] [84] [85

] [86]
Chapter 17.

Underfull \vbox (badness 1558) has occurred while \output is active []

[87

] [88]
Chapter 18.

Underfull \hbox (badness 1721) in paragraph at lines 2477--2479
[]\T1/lmr/m/n/10 Understanding how the Lotka-Volterra predator-prey model
 []

[89

] [90] [91

] [92]
Chapter 19.

Underfull \vbox (badness 10000) has occurred while \output is active []

[93

]

Package longtable Warning: Column widths have changed
(longtable)                in table 19.1 on input line 2573.


Package longtable Warning: Column widths have changed
(longtable)                in table 19.2 on input line 2587.

[94] [95] [96] [97

] [98]
Chapter 20.
[99

] [100] [101] [102]
Underfull \vbox (badness 2096) has occurred while \output is active []

[103] [104] [105] [106] [107] [108] [109] [110] [111] [112]
<BB512_files/figure-latex/unnamed-chunk-86-1.pdf, id=991, 469.755pt x 325.215pt
>
File: BB512_files/figure-latex/unnamed-chunk-86-1.pdf Graphic file (type pdf)
<use BB512_files/figure-latex/unnamed-chunk-86-1.pdf>
Package pdftex.def Info: BB512_files/figure-latex/unnamed-chunk-86-1.pdf  used 
on input line 3296.
(pdftex.def)             Requested size: 344.997pt x 238.84406pt.
[113 <./BB512_files/figure-latex/unnamed-chunk-86-1.pdf>]
<BB512_files/figure-latex/unnamed-chunk-88-1.pdf, id=1002, 469.755pt x 325.215p
t>
File: BB512_files/figure-latex/unnamed-chunk-88-1.pdf Graphic file (type pdf)
<use BB512_files/figure-latex/unnamed-chunk-88-1.pdf>
Package pdftex.def Info: BB512_files/figure-latex/unnamed-chunk-88-1.pdf  used 
on input line 3332.
(pdftex.def)             Requested size: 344.997pt x 238.84406pt.

Underfull \vbox (badness 10000) has occurred while \output is active []

[114] [115 <./BB512_files/figure-latex/unnamed-chunk-88-1.pdf>] [116]
! Missing $ inserted.
<inserted text> 
                $
l.3424 ...implications of the conditions \$ \alpha
                                                  \emph{\{12\} \textless{} \...
 
Here is how much of TeX's memory you used:
 21173 strings out of 480247
 393416 string characters out of 5895293
 638485 words of memory out of 5000000
 38207 multiletter control sequences out of 15000+600000
 549505 words of font info for 82 fonts, out of 8000000 for 9000
 14 hyphenation exceptions out of 8191
 83i,8n,80p,1260b,480s stack positions out of 5000i,500n,10000p,200000b,80000s
!  ==> Fatal error occurred, no output PDF file produced!
